#
# There is insufficient memory for the Java Runtime Environment to continue.
# Native memory allocation (mmap) failed to map 268435456 bytes for G1 virtual space
# Possible reasons:
#   The system is out of physical RAM or swap space
#   The process is running with CompressedOops enabled, and the Java Heap may be blocking the growth of the native heap
# Possible solutions:
#   Reduce memory load on the system
#   Increase physical memory or swap space
#   Check if swap backing store is full
#   Decrease Java heap size (-Xmx/-Xms)
#   Decrease number of Java threads
#   Decrease Java thread stack sizes (-Xss)
#   Set larger code cache with -XX:ReservedCodeCacheSize=
#   JVM is running with Zero Based Compressed Oops mode in which the Java heap is
#     placed in the first 32GB address space. The Java Heap base address is the
#     maximum limit for the native heap growth. Please use -XX:HeapBaseMinAddress
#     to set the Java Heap base and to place the Java Heap above 32GB virtual address.
# This output file may be truncated or incomplete.
#
#  Out of Memory Error (os_windows.cpp:3617), pid=21896, tid=24404
#
# JRE version:  (17.0.8.1+1) (build )
# Java VM: OpenJDK 64-Bit Server VM (17.0.8.1+1, mixed mode, sharing, tiered, compressed oops, compressed class ptrs, g1 gc, windows-amd64)
# No core dump will be written. Minidumps are not enabled by default on client versions of Windows
#

---------------  S U M M A R Y ------------

Command Line: -Dfile.encoding=UTF-8 -XX:+ShowCodeDetailsInExceptionMessages br.com.brazilgeneration.exercicios.Ex06

Host: AMD Ryzen 7 5800X3D 8-Core Processor           , 16 cores, 15G,  Windows 10 , 64 bit Build 19041 (10.0.19041.3636)
Time: Thu Feb  8 15:28:19 2024 Hora oficial do Brasil elapsed time: 0.005786 seconds (0d 0h 0m 0s)

---------------  T H R E A D  ---------------

Current thread (0x00000206c490e990):  JavaThread "Unknown thread" [_thread_in_vm, id=24404, stack(0x000000c55f500000,0x000000c55f600000)]

Stack: [0x000000c55f500000,0x000000c55f600000]
Native frames: (J=compiled Java code, j=interpreted, Vv=VM code, C=native code)
V  [jvm.dll+0x678b0a]
V  [jvm.dll+0x835e84]
V  [jvm.dll+0x83762e]
V  [jvm.dll+0x837c93]
V  [jvm.dll+0x24746f]
V  [jvm.dll+0x675859]
V  [jvm.dll+0x66a0ea]
V  [jvm.dll+0x306c7b]
V  [jvm.dll+0x30e166]
V  [jvm.dll+0x35dd3e]
V  [jvm.dll+0x35df6f]
V  [jvm.dll+0x2ddb48]
V  [jvm.dll+0x2deab4]
V  [jvm.dll+0x807f31]
V  [jvm.dll+0x36bb21]
V  [jvm.dll+0x7e733c]
V  [jvm.dll+0x3ee4af]
V  [jvm.dll+0x3f00c1]
C  [jli.dll+0x528b]
C  [ucrtbase.dll+0x21bb2]
C  [KERNEL32.DLL+0x17344]
C  [ntdll.dll+0x526b1]


---------------  P R O C E S S  ---------------

Threads class SMR info:
_java_thread_list=0x00007ffc6525a018, length=0, elements={
}

Java Threads: ( => current thread )

Other Threads:
  0x00000206c497b670 GCTaskThread "GC Thread#0" [stack: 0x000000c55f600000,0x000000c55f700000] [id=24416]
  0x00000206c498cbf0 ConcurrentGCThread "G1 Main Marker" [stack: 0x000000c55f700000,0x000000c55f800000] [id=24444]
  0x00000206c498d600 ConcurrentGCThread "G1 Conc#0" [stack: 0x000000c55f800000,0x000000c55f900000] [id=24440]

[error occurred during error reporting (printing all threads), id 0xc0000005, EXCEPTION_ACCESS_VIOLATION (0xc0000005) at pc=0x00007ffc64a2e587]

VM state: not at safepoint (not fully initialized)

VM Mutex/Monitor currently owned by a thread:  ([mutex/lock_event])
[0x00000206c490a920] Heap_lock - owner thread: 0x00000206c490e990

Heap address: 0x0000000701600000, size: 4074 MB, Compressed Oops mode: Zero based, Oop shift amount: 3

CDS archive(s) mapped at: [0x0000000000000000-0x0000000000000000-0x0000000000000000), size 0, SharedBaseAddress: 0x0000000800000000, ArchiveRelocationMode: 1.
Narrow klass base: 0x0000000000000000, Narrow klass shift: 0, Narrow klass range: 0x0

GC Precious Log:
<Empty>

Heap:
 garbage-first heap   total 0K, used 0K [0x0000000701600000, 0x0000000800000000)
  region size 2048K, 0 young (0K), 0 survivors (0K)

[error occurred during error reporting (printing heap information), id 0xc0000005, EXCEPTION_ACCESS_VIOLATION (0xc0000005) at pc=0x00007ffc64e12699]

GC Heap History (0 events):
No events

Dll operation events (1 events):
Event: 0.003 Loaded shared library C:\Users\Gabriel Nascimento\.p2\pool\plugins\org.eclipse.justj.openjdk.hotspot.jre.full.win32.x86_64_17.0.8.v20230831-1047\jre\bin\java.dll

Deoptimization events (0 events):
No events

Classes unloaded (0 events):
No events

Classes redefined (0 events):
No events

Internal exceptions (0 events):
No events

VM Operations (0 events):
No events

Events (0 events):
No events


Dynamic libraries:
0x00007ff61f450000 - 0x00007ff61f45e000 	C:\Users\Gabriel Nascimento\.p2\pool\plugins\org.eclipse.justj.openjdk.hotspot.jre.full.win32.x86_64_17.0.8.v20230831-1047\jre\bin\javaw.exe
0x00007ffcb1810000 - 0x00007ffcb1a08000 	C:\Windows\SYSTEM32\ntdll.dll
0x00007ffcb0e30000 - 0x00007ffcb0eed000 	C:\Windows\System32\KERNEL32.DLL
0x00007ffcaf560000 - 0x00007ffcaf856000 	C:\Windows\System32\KERNELBASE.dll
0x00007ffcaf080000 - 0x00007ffcaf180000 	C:\Windows\System32\ucrtbase.dll
0x00007ffc9fdc0000 - 0x00007ffc9fdd7000 	C:\Users\Gabriel Nascimento\.p2\pool\plugins\org.eclipse.justj.openjdk.hotspot.jre.full.win32.x86_64_17.0.8.v20230831-1047\jre\bin\jli.dll
0x00007ffc923d0000 - 0x00007ffc923e9000 	C:\Users\Gabriel Nascimento\.p2\pool\plugins\org.eclipse.justj.openjdk.hotspot.jre.full.win32.x86_64_17.0.8.v20230831-1047\jre\bin\VCRUNTIME140.dll
0x00007ffcb0c90000 - 0x00007ffcb0e2e000 	C:\Windows\System32\USER32.dll
0x00007ffcaeee0000 - 0x00007ffcaef02000 	C:\Windows\System32\win32u.dll
0x00007ffca2510000 - 0x00007ffca27aa000 	C:\Windows\WinSxS\amd64_microsoft.windows.common-controls_6595b64144ccf1df_6.0.19041.3636_none_60b6a03d71f818d5\COMCTL32.dll
0x00007ffcb1050000 - 0x00007ffcb107c000 	C:\Windows\System32\GDI32.dll
0x00007ffcb03c0000 - 0x00007ffcb045e000 	C:\Windows\System32\msvcrt.dll
0x00007ffcaef10000 - 0x00007ffcaf02a000 	C:\Windows\System32\gdi32full.dll
0x00007ffcaf230000 - 0x00007ffcaf2cd000 	C:\Windows\System32\msvcp_win.dll
0x00007ffcb0ef0000 - 0x00007ffcb0f20000 	C:\Windows\System32\IMM32.DLL
0x00007ffca4980000 - 0x00007ffca498c000 	C:\Users\Gabriel Nascimento\.p2\pool\plugins\org.eclipse.justj.openjdk.hotspot.jre.full.win32.x86_64_17.0.8.v20230831-1047\jre\bin\vcruntime140_1.dll
0x00007ffc67d70000 - 0x00007ffc67e01000 	C:\Users\Gabriel Nascimento\.p2\pool\plugins\org.eclipse.justj.openjdk.hotspot.jre.full.win32.x86_64_17.0.8.v20230831-1047\jre\bin\msvcp140.dll
0x00007ffc64740000 - 0x00007ffc6538c000 	C:\Users\Gabriel Nascimento\.p2\pool\plugins\org.eclipse.justj.openjdk.hotspot.jre.full.win32.x86_64_17.0.8.v20230831-1047\jre\bin\server\jvm.dll
0x00007ffcb04d0000 - 0x00007ffcb0583000 	C:\Windows\System32\ADVAPI32.dll
0x00007ffcafca0000 - 0x00007ffcafd3f000 	C:\Windows\System32\sechost.dll
0x00007ffcaf970000 - 0x00007ffcafa96000 	C:\Windows\System32\RPCRT4.dll
0x00007ffcaf4a0000 - 0x00007ffcaf4c7000 	C:\Windows\System32\bcrypt.dll
0x00007ffcae430000 - 0x00007ffcae47b000 	C:\Windows\SYSTEM32\POWRPROF.dll
0x00007ffca5720000 - 0x00007ffca5747000 	C:\Windows\SYSTEM32\WINMM.dll
0x00007ffc93a90000 - 0x00007ffc93a99000 	C:\Windows\SYSTEM32\WSOCK32.dll
0x00007ffca9790000 - 0x00007ffca979a000 	C:\Windows\SYSTEM32\VERSION.dll
0x00007ffcb0460000 - 0x00007ffcb04cb000 	C:\Windows\System32\WS2_32.dll
0x00007ffcae2f0000 - 0x00007ffcae302000 	C:\Windows\SYSTEM32\UMPDC.dll
0x00007ffcacdb0000 - 0x00007ffcacdc2000 	C:\Windows\SYSTEM32\kernel.appcore.dll
0x00007ffcaa9e0000 - 0x00007ffcaa9ea000 	C:\Users\Gabriel Nascimento\.p2\pool\plugins\org.eclipse.justj.openjdk.hotspot.jre.full.win32.x86_64_17.0.8.v20230831-1047\jre\bin\jimage.dll
0x00007ffca3450000 - 0x00007ffca3634000 	C:\Windows\SYSTEM32\DBGHELP.DLL
0x00007ffc95900000 - 0x00007ffc95934000 	C:\Windows\SYSTEM32\dbgcore.DLL
0x00007ffcaf4d0000 - 0x00007ffcaf552000 	C:\Windows\System32\bcryptPrimitives.dll
0x00007ffca48a0000 - 0x00007ffca48c5000 	C:\Users\Gabriel Nascimento\.p2\pool\plugins\org.eclipse.justj.openjdk.hotspot.jre.full.win32.x86_64_17.0.8.v20230831-1047\jre\bin\java.dll

dbghelp: loaded successfully - version: 4.0.5 - missing functions: none
symbol engine: initialized successfully - sym options: 0x614 - pdb path: .;C:\Users\Gabriel Nascimento\.p2\pool\plugins\org.eclipse.justj.openjdk.hotspot.jre.full.win32.x86_64_17.0.8.v20230831-1047\jre\bin;C:\Windows\SYSTEM32;C:\Windows\WinSxS\amd64_microsoft.windows.common-controls_6595b64144ccf1df_6.0.19041.3636_none_60b6a03d71f818d5;C:\Users\Gabriel Nascimento\.p2\pool\plugins\org.eclipse.justj.openjdk.hotspot.jre.full.win32.x86_64_17.0.8.v20230831-1047\jre\bin\server

VM Arguments:
jvm_args: -Dfile.encoding=UTF-8 -XX:+ShowCodeDetailsInExceptionMessages 
java_command: br.com.brazilgeneration.exercicios.Ex06
java_class_path (initial): C:\Development\projetos\workspaces\ws-ex-generation-brasil\ControleDeFluxo\bin
Launcher Type: SUN_STANDARD

[Global flags]
     intx CICompilerCount                          = 12                                        {product} {ergonomic}
     uint ConcGCThreads                            = 3                                         {product} {ergonomic}
     uint G1ConcRefinementThreads                  = 13                                        {product} {ergonomic}
   size_t G1HeapRegionSize                         = 2097152                                   {product} {ergonomic}
    uintx GCDrainStackTargetSize                   = 64                                        {product} {ergonomic}
   size_t InitialHeapSize                          = 268435456                                 {product} {ergonomic}
   size_t MarkStackSize                            = 4194304                                   {product} {ergonomic}
   size_t MaxHeapSize                              = 4271898624                                {product} {ergonomic}
   size_t MinHeapDeltaBytes                        = 2097152                                   {product} {ergonomic}
   size_t MinHeapSize                              = 8388608                                   {product} {ergonomic}
    uintx NonNMethodCodeHeapSize                   = 7602480                                {pd product} {ergonomic}
    uintx NonProfiledCodeHeapSize                  = 122027880                              {pd product} {ergonomic}
    uintx ProfiledCodeHeapSize                     = 122027880                              {pd product} {ergonomic}
    uintx ReservedCodeCacheSize                    = 251658240                              {pd product} {ergonomic}
     bool SegmentedCodeCache                       = true                                      {product} {ergonomic}
     bool ShowCodeDetailsInExceptionMessages       = true                                   {manageable} {command line}
   size_t SoftMaxHeapSize                          = 4271898624                             {manageable} {ergonomic}
     bool UseCompressedClassPointers               = true                           {product lp64_product} {ergonomic}
     bool UseCompressedOops                        = true                           {product lp64_product} {ergonomic}
     bool UseG1GC                                  = true                                      {product} {ergonomic}
     bool UseLargePagesIndividualAllocation        = false                                  {pd product} {ergonomic}

Logging:
Log output configuration:
 #0: stdout all=warning uptime,level,tags
 #1: stderr all=off uptime,level,tags

Environment Variables:
JAVA_HOME=C:\Development\java\Tools\JAVA_VERSION\JAVA_17_GEBR
PATH=C:/Users/Gabriel Nascimento/.p2/pool/plugins/org.eclipse.justj.openjdk.hotspot.jre.full.win32.x86_64_17.0.8.v20230831-1047/jre/bin/server;C:/Users/Gabriel Nascimento/.p2/pool/plugins/org.eclipse.justj.openjdk.hotspot.jre.full.win32.x86_64_17.0.8.v20230831-1047/jre/bin;C:\development_softwares\database_softwares\dbhomeXE\bin;C:\Development\java\Tools\JAVA_VERSION\JAVA_17_GEBR\jdk-17.0.10\bin;C:\Windows\system32;C:\Windows;C:\Windows\System32\Wbem;C:\Windows\System32\WindowsPowerShell\v1.0\;C:\Windows\System32\OpenSSH\;C:\Program Files (x86)\NVIDIA Corporation\PhysX\Common;C:\Program Files\dotnet\;C:\Users\Gabriel Nascimento\AppData\Roaming\nvm;C:\Program Files\nodejs;C:\Development\java\Tools\JAVA_VERSION\JAVA_17_GEBR\bin;C:\Development\java\Tools\MAVEN\apache-maven-3.9.4\bin;C:\Program Files\Calibre2\;C:\Program Files\nodejs\;C:\Program Files\Git\cmd;C:\ProgramData\UNIVALI\Portugol Studio;C:\Program Files\MySQL\MySQL Server 8.0\bin;C:\Users\Gabriel Nascimento\AppData\Local\Programs\Python\Python312\Scripts\;C:\Users\Gabriel Nascimento\AppData\Local\Programs\Python\Python312\;C:\Users\Gabriel Nascimento\AppData\Local\Microsoft\WindowsApps;C:\Users\Gabriel Nascimento\AppData\Local\Programs\Microsoft VS Code\bin;C:\Users\Gabriel Nascimento\AppData\Local\GitHubDesktop\bin;C:\Users\Gabriel Nascimento\AppData\Roaming\nvm;C:\Program Files\nodejs;C:\Users\Gabriel Nascimento\AppData\Roaming\npm;C:\Windows\System32;
USERNAME=Gabriel Nascimento
OS=Windows_NT
PROCESSOR_IDENTIFIER=AMD64 Family 25 Model 33 Stepping 2, AuthenticAMD
TMP=C:\Users\GABRIE~1\AppData\Local\Temp
TEMP=C:\Users\GABRIE~1\AppData\Local\Temp



---------------  S Y S T E M  ---------------

OS:
 Windows 10 , 64 bit Build 19041 (10.0.19041.3636)
OS uptime: 0 days 15:28 hours

CPU: total 16 (initial active 16) (16 cores per cpu, 2 threads per core) family 25 model 33 stepping 2 microcode 0x0, cx8, cmov, fxsr, ht, mmx, 3dnowpref, sse, sse2, sse3, ssse3, sse4a, sse4.1, sse4.2, popcnt, lzcnt, tsc, tscinvbit, avx, avx2, aes, erms, clmul, bmi1, bmi2, adx, sha, fma, vzeroupper, clflush, clflushopt
Processor Information for all 16 processors :
  Max Mhz: 3401, Current Mhz: 3401, Mhz Limit: 3401

Memory: 4k page, system-wide physical 16294M (6743M free)
TotalPageFile size 18342M (AvailPageFile size 43M)
current process WorkingSet (physical memory assigned to process): 10M, peak: 10M
current process commit charge ("private bytes"): 70M, peak: 326M

vm_info: OpenJDK 64-Bit Server VM (17.0.8.1+1) for windows-amd64 JRE (17.0.8.1+1), built on Aug 23 2023 15:29:17 by "admin" with MS VC++ 16.7 (VS2019)

END.
